Determining if the pthread_create exist failed with the following output:
Change Dir: /home/alberto/catkin_ws/src/CMakeFiles/CMakeTmp

Run Build Command:"/usr/bin/make" "cmTC_2ea1a/fast"
/usr/bin/make -f CMakeFiles/cmTC_2ea1a.dir/build.make CMakeFiles/cmTC_2ea1a.dir/build
make[1]: se entra en el directorio '/home/alberto/catkin_ws/src/CMakeFiles/CMakeTmp'
Building C object CMakeFiles/cmTC_2ea1a.dir/CheckSymbolExists.c.o
/usr/bin/cc    -o CMakeFiles/cmTC_2ea1a.dir/CheckSymbolExists.c.o   -c /home/alberto/catkin_ws/src/CMakeFiles/CMakeTmp/CheckSymbolExists.c
Linking C executable cmTC_2ea1a
/usr/bin/cmake -E cmake_link_script CMakeFiles/cmTC_2ea1a.dir/link.txt --verbose=1
/usr/bin/cc      -rdynamic CMakeFiles/cmTC_2ea1a.dir/CheckSymbolExists.c.o  -o cmTC_2ea1a 
CMakeFiles/cmTC_2ea1a.dir/CheckSymbolExists.c.o: En la función `main':
CheckSymbolExists.c:(.text+0x1b): referencia a `pthread_create' sin definir
collect2: error: ld returned 1 exit status
CMakeFiles/cmTC_2ea1a.dir/build.make:97: recipe for target 'cmTC_2ea1a' failed
make[1]: *** [cmTC_2ea1a] Error 1
make[1]: se sale del directorio '/home/alberto/catkin_ws/src/CMakeFiles/CMakeTmp'
Makefile:126: recipe for target 'cmTC_2ea1a/fast' failed
make: *** [cmTC_2ea1a/fast] Error 2

File /home/alberto/catkin_ws/src/CMakeFiles/CMakeTmp/CheckSymbolExists.c:
/* */
#include <pthread.h>

int main(int argc, char** argv)
{
  (void)argv;
#ifndef pthread_create
  return ((int*)(&pthread_create))[argc];
#else
  (void)argc;
  return 0;
#endif
}

Determining if the function pthread_create exists in the pthreads failed with the following output:
Change Dir: /home/alberto/catkin_ws/src/CMakeFiles/CMakeTmp

Run Build Command:"/usr/bin/make" "cmTC_cc71a/fast"
/usr/bin/make -f CMakeFiles/cmTC_cc71a.dir/build.make CMakeFiles/cmTC_cc71a.dir/build
make[1]: se entra en el directorio '/home/alberto/catkin_ws/src/CMakeFiles/CMakeTmp'
Building C object CMakeFiles/cmTC_cc71a.dir/CheckFunctionExists.c.o
/usr/bin/cc   -DCHECK_FUNCTION_EXISTS=pthread_create   -o CMakeFiles/cmTC_cc71a.dir/CheckFunctionExists.c.o   -c /usr/share/cmake-3.10/Modules/CheckFunctionExists.c
Linking C executable cmTC_cc71a
/usr/bin/cmake -E cmake_link_script CMakeFiles/cmTC_cc71a.dir/link.txt --verbose=1
/usr/bin/cc  -DCHECK_FUNCTION_EXISTS=pthread_create    -rdynamic CMakeFiles/cmTC_cc71a.dir/CheckFunctionExists.c.o  -o cmTC_cc71a -lpthreads 
/usr/bin/ld: no se puede encontrar -lpthreads
collect2: error: ld returned 1 exit status
CMakeFiles/cmTC_cc71a.dir/build.make:97: recipe for target 'cmTC_cc71a' failed
make[1]: *** [cmTC_cc71a] Error 1
make[1]: se sale del directorio '/home/alberto/catkin_ws/src/CMakeFiles/CMakeTmp'
Makefile:126: recipe for target 'cmTC_cc71a/fast' failed
make: *** [cmTC_cc71a/fast] Error 2


